0 info it worked if it ends with ok
1 verbose cli [ '/usr/local/bin/node',
1 verbose cli   '/usr/local/bin/npm',
1 verbose cli   'run',
1 verbose cli   'coverage',
1 verbose cli   '--no-cache' ]
2 info using npm@5.7.1
3 info using node@v9.4.0
4 verbose run-script [ 'precoverage', 'coverage', 'postcoverage' ]
5 info lifecycle designtime-admin-app@0.1.0~precoverage: designtime-admin-app@0.1.0
6 info lifecycle designtime-admin-app@0.1.0~coverage: designtime-admin-app@0.1.0
7 verbose lifecycle designtime-admin-app@0.1.0~coverage: unsafe-perm in lifecycle true
8 verbose lifecycle designtime-admin-app@0.1.0~coverage: PATH: /usr/local/lib/node_modules/npm/node_modules/npm-lifecycle/node-gyp-bin:/home/entando/lavoro/designtime-admin-app/node_modules/.bin:/home/entando/bin:/home/entando/.local/bin:/usr/local/sbin:/usr/local/bin:/usr/sbin:/usr/bin:/sbin:/bin:/usr/games:/usr/local/games:/snap/bin:/usr/lib/jvm/java-8-oracle/bin:/usr/lib/jvm/java-8-oracle/db/bin:/usr/lib/jvm/java-8-oracle/jre/bin
9 verbose lifecycle designtime-admin-app@0.1.0~coverage: CWD: /home/entando/lavoro/designtime-admin-app
10 silly lifecycle designtime-admin-app@0.1.0~coverage: Args: [ '-c', 'node scripts/test.js --env=jsdom --coverage' ]
11 silly lifecycle designtime-admin-app@0.1.0~coverage: Returned: code: 1  signal: null
12 info lifecycle designtime-admin-app@0.1.0~coverage: Failed to exec coverage script
13 verbose stack Error: designtime-admin-app@0.1.0 coverage: `node scripts/test.js --env=jsdom --coverage`
13 verbose stack Exit status 1
13 verbose stack     at EventEmitter.<anonymous> (/usr/local/lib/node_modules/npm/node_modules/npm-lifecycle/index.js:285:16)
13 verbose stack     at EventEmitter.emit (events.js:160:13)
13 verbose stack     at ChildProcess.<anonymous> (/usr/local/lib/node_modules/npm/node_modules/npm-lifecycle/lib/spawn.js:55:14)
13 verbose stack     at ChildProcess.emit (events.js:160:13)
13 verbose stack     at maybeClose (internal/child_process.js:943:16)
13 verbose stack     at Process.ChildProcess._handle.onexit (internal/child_process.js:220:5)
14 verbose pkgid designtime-admin-app@0.1.0
15 verbose cwd /home/entando/lavoro/designtime-admin-app
16 verbose Linux 4.13.0-37-generic
17 verbose argv "/usr/local/bin/node" "/usr/local/bin/npm" "run" "coverage" "--no-cache"
18 verbose node v9.4.0
19 verbose npm  v5.7.1
20 error code ELIFECYCLE
21 error errno 1
22 error designtime-admin-app@0.1.0 coverage: `node scripts/test.js --env=jsdom --coverage`
22 error Exit status 1
23 error Failed at the designtime-admin-app@0.1.0 coverage script.
23 error This is probably not a problem with npm. There is likely additional logging output above.
24 verbose exit [ 1, true ]
